<?xml version="1.0" encoding="UTF-8"?>
<novel>
  <page no="198">
    <line no="1">
      <title align="centre" style="underline" colour="black">To the Lighthouse</title>
    </line>
    <line no="2" type="empty"></line>
    <para no="1">
      <line no="3">(Here Mr. Carmichael, who was reading</line>
    </para>
    <line no="6">
      <section align="centre" style="heading" colour="blue">3</section>
    </line>
    <line no="11"><rend style="highlight" colour="green">green</rend></line>
  </page>
</novel>
